<?xml version="1.0" encoding="UTF-8"?>
<robot generator="Robot 7.3 (Python 3.13.3 on win32)" generated="2025-06-09T19:40:02.384917" rpa="false" schemaversion="5">
<suite id="s1" name="Tests" source="C:\Users\Davi Carvalho\Desktop\aula_luiz\loginpage-main\loginpage-main\tests">
<suite id="s1-s1" name="Teste Login" source="C:\Users\Davi Carvalho\Desktop\aula_luiz\loginpage-main\loginpage-main\tests\teste_login.robot">
<test id="s1-s1-t1" name="Login Com Sucesso" line="14">
<kw name="Open Browser" owner="SeleniumLibrary">
<msg time="2025-06-09T19:40:02.664081" level="INFO">Opening browser 'chrome' to base url 'http://localhost:8000/index.html'.</msg>
<arg>${LOGIN_PAGE}</arg>
<arg>${BROWSER}</arg>
<doc>Opens a new browser instance to the optional ``url``.</doc>
<status status="PASS" start="2025-06-09T19:40:02.663765" elapsed="1.396287"/>
</kw>
<kw name="Input Text" owner="SeleniumLibrary">
<msg time="2025-06-09T19:40:04.061428" level="INFO">Typing text 'admin' into text field 'id=username'.</msg>
<arg>id=username</arg>
<arg>${VALID_USER}</arg>
<doc>Types the given ``text`` into the text field identified by ``locator``.</doc>
<status status="PASS" start="2025-06-09T19:40:04.060754" elapsed="0.104212"/>
</kw>
<kw name="Input Text" owner="SeleniumLibrary">
<msg time="2025-06-09T19:40:04.165468" level="INFO">Typing text '123456' into text field 'id=password'.</msg>
<arg>id=password</arg>
<arg>${VALID_PASSWORD}</arg>
<doc>Types the given ``text`` into the text field identified by ``locator``.</doc>
<status status="PASS" start="2025-06-09T19:40:04.165248" elapsed="0.080381"/>
</kw>
<kw name="Click Button" owner="SeleniumLibrary">
<msg time="2025-06-09T19:40:04.246107" level="INFO">Clicking button 'xpath=//button'.</msg>
<arg>xpath=//button</arg>
<doc>Clicks the button identified by ``locator``.</doc>
<status status="PASS" start="2025-06-09T19:40:04.245910" elapsed="0.164776"/>
</kw>
<kw name="Sleep" owner="BuiltIn">
<msg time="2025-06-09T19:40:05.413039" level="INFO">Slept 1 second.</msg>
<arg>1s</arg>
<doc>Pauses the test executed for the given time.</doc>
<status status="PASS" start="2025-06-09T19:40:04.411412" elapsed="1.001848"/>
</kw>
<kw name="Location Should Contain" owner="SeleniumLibrary">
<msg time="2025-06-09T19:40:05.426840" level="INFO">Current location contains 'dashboard.html'.</msg>
<arg>dashboard.html</arg>
<doc>Verifies that the current URL contains ``expected``.</doc>
<status status="PASS" start="2025-06-09T19:40:05.414099" elapsed="0.012864"/>
</kw>
<kw name="Close Browser" owner="SeleniumLibrary">
<doc>Closes the current browser.</doc>
<status status="PASS" start="2025-06-09T19:40:05.427470" elapsed="2.144211"/>
</kw>
<status status="PASS" start="2025-06-09T19:40:02.662738" elapsed="4.909603"/>
</test>
<test id="s1-s1-t2" name="Login Com Usuário Inválido" line="23">
<kw name="Open Browser" owner="SeleniumLibrary">
<msg time="2025-06-09T19:40:07.574687" level="INFO">Opening browser 'chrome' to base url 'http://localhost:8000/index.html'.</msg>
<arg>${LOGIN_PAGE}</arg>
<arg>${BROWSER}</arg>
<doc>Opens a new browser instance to the optional ``url``.</doc>
<status status="PASS" start="2025-06-09T19:40:07.574273" elapsed="1.362363"/>
</kw>
<kw name="Input Text" owner="SeleniumLibrary">
<msg time="2025-06-09T19:40:08.937541" level="INFO">Typing text 'errado' into text field 'id=username'.</msg>
<arg>id=username</arg>
<arg>${INVALID_USER}</arg>
<doc>Types the given ``text`` into the text field identified by ``locator``.</doc>
<status status="PASS" start="2025-06-09T19:40:08.937103" elapsed="0.090305"/>
</kw>
<kw name="Input Text" owner="SeleniumLibrary">
<msg time="2025-06-09T19:40:09.028041" level="INFO">Typing text '123456' into text field 'id=password'.</msg>
<arg>id=password</arg>
<arg>${VALID_PASSWORD}</arg>
<doc>Types the given ``text`` into the text field identified by ``locator``.</doc>
<status status="PASS" start="2025-06-09T19:40:09.027750" elapsed="0.077804"/>
</kw>
<kw name="Click Button" owner="SeleniumLibrary">
<msg time="2025-06-09T19:40:09.106004" level="INFO">Clicking button 'xpath=//button'.</msg>
<arg>xpath=//button</arg>
<doc>Clicks the button identified by ``locator``.</doc>
<status status="PASS" start="2025-06-09T19:40:09.105815" elapsed="0.137188"/>
</kw>
<kw name="Sleep" owner="BuiltIn">
<msg time="2025-06-09T19:40:10.243909" level="INFO">Slept 1 second.</msg>
<arg>1s</arg>
<doc>Pauses the test executed for the given time.</doc>
<status status="PASS" start="2025-06-09T19:40:09.243289" elapsed="1.000858"/>
</kw>
<kw name="Element Text Should Be" owner="SeleniumLibrary">
<msg time="2025-06-09T19:40:10.245351" level="INFO">Verifying element 'id=error-message' contains exact text 'Usuário ou senha incorretos.'.</msg>
<arg>id=error-message</arg>
<arg>Usuário ou senha incorretos.</arg>
<doc>Verifies that element ``locator`` contains exact the text ``expected``.</doc>
<status status="PASS" start="2025-06-09T19:40:10.244916" elapsed="0.045181"/>
</kw>
<kw name="Close Browser" owner="SeleniumLibrary">
<doc>Closes the current browser.</doc>
<status status="PASS" start="2025-06-09T19:40:10.290806" elapsed="2.183052"/>
</kw>
<status status="PASS" start="2025-06-09T19:40:07.573439" elapsed="4.901048"/>
</test>
<test id="s1-s1-t3" name="Login Com Senha Inválida" line="32">
<kw name="Open Browser" owner="SeleniumLibrary">
<msg time="2025-06-09T19:40:12.476513" level="INFO">Opening browser 'chrome' to base url 'http://localhost:8000/index.html'.</msg>
<arg>${LOGIN_PAGE}</arg>
<arg>${BROWSER}</arg>
<doc>Opens a new browser instance to the optional ``url``.</doc>
<status status="PASS" start="2025-06-09T19:40:12.476163" elapsed="1.499861"/>
</kw>
<kw name="Input Text" owner="SeleniumLibrary">
<msg time="2025-06-09T19:40:13.976894" level="INFO">Typing text 'admin' into text field 'id=username'.</msg>
<arg>id=username</arg>
<arg>${VALID_USER}</arg>
<doc>Types the given ``text`` into the text field identified by ``locator``.</doc>
<status status="PASS" start="2025-06-09T19:40:13.976548" elapsed="0.108583"/>
</kw>
<kw name="Input Text" owner="SeleniumLibrary">
<msg time="2025-06-09T19:40:14.085955" level="INFO">Typing text '000000' into text field 'id=password'.</msg>
<arg>id=password</arg>
<arg>${INVALID_PASSWORD}</arg>
<doc>Types the given ``text`` into the text field identified by ``locator``.</doc>
<status status="PASS" start="2025-06-09T19:40:14.085590" elapsed="0.072568"/>
</kw>
<kw name="Click Button" owner="SeleniumLibrary">
<msg time="2025-06-09T19:40:14.158618" level="INFO">Clicking button 'xpath=//button'.</msg>
<arg>xpath=//button</arg>
<doc>Clicks the button identified by ``locator``.</doc>
<status status="PASS" start="2025-06-09T19:40:14.158445" elapsed="0.095090"/>
</kw>
<kw name="Sleep" owner="BuiltIn">
<msg time="2025-06-09T19:40:15.255696" level="INFO">Slept 1 second.</msg>
<arg>1s</arg>
<doc>Pauses the test executed for the given time.</doc>
<status status="PASS" start="2025-06-09T19:40:14.254369" elapsed="1.001509"/>
</kw>
<kw name="Element Text Should Be" owner="SeleniumLibrary">
<msg time="2025-06-09T19:40:15.256992" level="INFO">Verifying element 'id=error-message' contains exact text 'Usuário ou senha incorretos.'.</msg>
<arg>id=error-message</arg>
<arg>Usuário ou senha incorretos.</arg>
<doc>Verifies that element ``locator`` contains exact the text ``expected``.</doc>
<status status="PASS" start="2025-06-09T19:40:15.256607" elapsed="0.027910"/>
</kw>
<kw name="Close Browser" owner="SeleniumLibrary">
<doc>Closes the current browser.</doc>
<status status="PASS" start="2025-06-09T19:40:15.284863" elapsed="2.128039"/>
</kw>
<status status="PASS" start="2025-06-09T19:40:12.475575" elapsed="4.938052"/>
</test>
<status status="PASS" start="2025-06-09T19:40:02.405897" elapsed="15.009096"/>
</suite>
<status status="PASS" start="2025-06-09T19:40:02.386001" elapsed="15.031344"/>
</suite>
<statistics>
<total>
<stat pass="3" fail="0" skip="0">All Tests</stat>
</total>
<tag>
</tag>
<suite>
<stat name="Tests" id="s1" pass="3" fail="0" skip="0">Tests</stat>
<stat name="Teste Login" id="s1-s1" pass="3" fail="0" skip="0">Tests.Teste Login</stat>
</suite>
</statistics>
<errors>
</errors>
</robot>
