<?xml version="1.0" encoding="UTF-8"?>
<robot generator="Robot 7.3 (Python 3.13.3 on win32)" generated="2025-06-09T19:30:20.577513" rpa="false" schemaversion="5">
<suite id="s1" name="Tests" source="C:\Users\Davi Carvalho\Desktop\aula_luiz\loginpage-main\loginpage-main\tests">
<suite id="s1-s1" name="Teste Login" source="C:\Users\Davi Carvalho\Desktop\aula_luiz\loginpage-main\loginpage-main\tests\teste_login.robot">
<test id="s1-s1-t1" name="Login Com Sucesso" line="14">
<kw name="Open Browser" owner="SeleniumLibrary">
<msg time="2025-06-09T19:30:20.855028" level="INFO">Opening browser 'chrome' to base url 'http://localhost:8000/index.html'.</msg>
<arg>${LOGIN_PAGE}</arg>
<arg>${BROWSER}</arg>
<doc>Opens a new browser instance to the optional ``url``.</doc>
<status status="PASS" start="2025-06-09T19:30:20.854747" elapsed="1.322279"/>
</kw>
<kw name="Input Text" owner="SeleniumLibrary">
<msg time="2025-06-09T19:30:22.178250" level="INFO">Typing text 'admin' into text field 'id=username'.</msg>
<arg>id=username</arg>
<arg>${VALID_USER}</arg>
<doc>Types the given ``text`` into the text field identified by ``locator``.</doc>
<status status="PASS" start="2025-06-09T19:30:22.177630" elapsed="0.092562"/>
</kw>
<kw name="Input Text" owner="SeleniumLibrary">
<msg time="2025-06-09T19:30:22.271154" level="INFO">Typing text '123456' into text field 'id=password'.</msg>
<arg>id=password</arg>
<arg>${VALID_PASSWORD}</arg>
<doc>Types the given ``text`` into the text field identified by ``locator``.</doc>
<status status="PASS" start="2025-06-09T19:30:22.270783" elapsed="0.114473"/>
</kw>
<kw name="Click Button" owner="SeleniumLibrary">
<msg time="2025-06-09T19:30:22.385759" level="INFO">Clicking button 'xpath=//button'.</msg>
<arg>xpath=//button</arg>
<doc>Clicks the button identified by ``locator``.</doc>
<status status="PASS" start="2025-06-09T19:30:22.385564" elapsed="0.096790"/>
</kw>
<kw name="Sleep" owner="BuiltIn">
<msg time="2025-06-09T19:30:23.483636" level="INFO">Slept 1 second.</msg>
<arg>1s</arg>
<doc>Pauses the test executed for the given time.</doc>
<status status="PASS" start="2025-06-09T19:30:22.482832" elapsed="1.000984"/>
</kw>
<kw name="Location Should Contain" owner="SeleniumLibrary">
<msg time="2025-06-09T19:30:23.491786" level="INFO">Current location contains 'dashboard.html'.</msg>
<arg>dashboard.html</arg>
<doc>Verifies that the current URL contains ``expected``.</doc>
<status status="PASS" start="2025-06-09T19:30:23.484521" elapsed="0.007441"/>
</kw>
<kw name="Close Browser" owner="SeleniumLibrary">
<doc>Closes the current browser.</doc>
<status status="PASS" start="2025-06-09T19:30:23.492474" elapsed="2.172734"/>
</kw>
<status status="PASS" start="2025-06-09T19:30:20.853901" elapsed="4.811955"/>
</test>
<test id="s1-s1-t2" name="Login Com Usuário Inválido" line="23">
<kw name="Open Browser" owner="SeleniumLibrary">
<msg time="2025-06-09T19:30:25.669073" level="INFO">Opening browser 'chrome' to base url 'http://localhost:8000/index.html'.</msg>
<arg>${LOGIN_PAGE}</arg>
<arg>${BROWSER}</arg>
<doc>Opens a new browser instance to the optional ``url``.</doc>
<status status="PASS" start="2025-06-09T19:30:25.668606" elapsed="1.288341"/>
</kw>
<kw name="Input Text" owner="SeleniumLibrary">
<msg time="2025-06-09T19:30:26.957474" level="INFO">Typing text 'errado' into text field 'id=username'.</msg>
<arg>id=username</arg>
<arg>${INVALID_USER}</arg>
<doc>Types the given ``text`` into the text field identified by ``locator``.</doc>
<status status="PASS" start="2025-06-09T19:30:26.957258" elapsed="0.118151"/>
</kw>
<kw name="Input Text" owner="SeleniumLibrary">
<msg time="2025-06-09T19:30:27.076111" level="INFO">Typing text '123456' into text field 'id=password'.</msg>
<arg>id=password</arg>
<arg>${VALID_PASSWORD}</arg>
<doc>Types the given ``text`` into the text field identified by ``locator``.</doc>
<status status="PASS" start="2025-06-09T19:30:27.075731" elapsed="0.075598"/>
</kw>
<kw name="Click Button" owner="SeleniumLibrary">
<msg time="2025-06-09T19:30:27.151949" level="INFO">Clicking button 'xpath=//button'.</msg>
<arg>xpath=//button</arg>
<doc>Clicks the button identified by ``locator``.</doc>
<status status="PASS" start="2025-06-09T19:30:27.151621" elapsed="0.081603"/>
</kw>
<kw name="Sleep" owner="BuiltIn">
<msg time="2025-06-09T19:30:28.235119" level="INFO">Slept 1 second.</msg>
<arg>1s</arg>
<doc>Pauses the test executed for the given time.</doc>
<status status="PASS" start="2025-06-09T19:30:27.233956" elapsed="1.001385"/>
</kw>
<kw name="Element Text Should Be" owner="SeleniumLibrary">
<msg time="2025-06-09T19:30:28.236626" level="INFO">Verifying element 'id=error-message' contains exact text 'Usuário ou senha incorretos.'.</msg>
<arg>id=error-message</arg>
<arg>Usuário ou senha incorretos.</arg>
<doc>Verifies that element ``locator`` contains exact the text ``expected``.</doc>
<status status="PASS" start="2025-06-09T19:30:28.236043" elapsed="0.050266"/>
</kw>
<kw name="Close Browser" owner="SeleniumLibrary">
<doc>Closes the current browser.</doc>
<status status="PASS" start="2025-06-09T19:30:28.286609" elapsed="2.101031"/>
</kw>
<status status="PASS" start="2025-06-09T19:30:25.667617" elapsed="4.720897"/>
</test>
<test id="s1-s1-t3" name="Login Com Senha Inválida" line="32">
<kw name="Open Browser" owner="SeleniumLibrary">
<msg time="2025-06-09T19:30:30.390803" level="INFO">Opening browser 'chrome' to base url 'http://localhost:8000/index.html'.</msg>
<arg>${LOGIN_PAGE}</arg>
<arg>${BROWSER}</arg>
<doc>Opens a new browser instance to the optional ``url``.</doc>
<status status="PASS" start="2025-06-09T19:30:30.390391" elapsed="1.299909"/>
</kw>
<kw name="Input Text" owner="SeleniumLibrary">
<msg time="2025-06-09T19:30:31.691114" level="INFO">Typing text 'admin' into text field 'id=username'.</msg>
<arg>id=username</arg>
<arg>${VALID_USER}</arg>
<doc>Types the given ``text`` into the text field identified by ``locator``.</doc>
<status status="PASS" start="2025-06-09T19:30:31.690775" elapsed="0.129976"/>
</kw>
<kw name="Input Text" owner="SeleniumLibrary">
<msg time="2025-06-09T19:30:31.821374" level="INFO">Typing text '000000' into text field 'id=password'.</msg>
<arg>id=password</arg>
<arg>${INVALID_PASSWORD}</arg>
<doc>Types the given ``text`` into the text field identified by ``locator``.</doc>
<status status="PASS" start="2025-06-09T19:30:31.821058" elapsed="0.067306"/>
</kw>
<kw name="Click Button" owner="SeleniumLibrary">
<msg time="2025-06-09T19:30:31.888895" level="INFO">Clicking button 'xpath=//button'.</msg>
<arg>xpath=//button</arg>
<doc>Clicks the button identified by ``locator``.</doc>
<status status="PASS" start="2025-06-09T19:30:31.888694" elapsed="0.118277"/>
</kw>
<kw name="Sleep" owner="BuiltIn">
<msg time="2025-06-09T19:30:33.008643" level="INFO">Slept 1 second.</msg>
<arg>1s</arg>
<doc>Pauses the test executed for the given time.</doc>
<status status="PASS" start="2025-06-09T19:30:32.007668" elapsed="1.001244"/>
</kw>
<kw name="Element Text Should Be" owner="SeleniumLibrary">
<msg time="2025-06-09T19:30:33.010366" level="INFO">Verifying element 'id=error-message' contains exact text 'Usuário ou senha incorretos.'.</msg>
<arg>id=error-message</arg>
<arg>Usuário ou senha incorretos.</arg>
<doc>Verifies that element ``locator`` contains exact the text ``expected``.</doc>
<status status="PASS" start="2025-06-09T19:30:33.009864" elapsed="0.026198"/>
</kw>
<kw name="Close Browser" owner="SeleniumLibrary">
<doc>Closes the current browser.</doc>
<status status="PASS" start="2025-06-09T19:30:33.036467" elapsed="2.187276"/>
</kw>
<status status="PASS" start="2025-06-09T19:30:30.389492" elapsed="4.834807"/>
</test>
<status status="PASS" start="2025-06-09T19:30:20.597944" elapsed="14.627015"/>
</suite>
<status status="PASS" start="2025-06-09T19:30:20.578545" elapsed="14.647188"/>
</suite>
<statistics>
<total>
<stat pass="3" fail="0" skip="0">All Tests</stat>
</total>
<tag>
</tag>
<suite>
<stat name="Tests" id="s1" pass="3" fail="0" skip="0">Tests</stat>
<stat name="Teste Login" id="s1-s1" pass="3" fail="0" skip="0">Tests.Teste Login</stat>
</suite>
</statistics>
<errors>
</errors>
</robot>
